2023-08-22T12:23:46.049+05:30  INFO 2844 --- [restartedMain] c.raitha.admin.RaithaBackEndApplication  : Starting RaithaBackEndApplication using Java 20.0.1 with PID 2844 (C:\Users\Komalesh.Be\OneDrive - Solera Holdings, Inc\Desktop\Raitha\RaithaProject\RaithaWebParent\RaithaBackEnd\target\classes started by Komalesh.Be in C:\Users\Komalesh.Be\OneDrive - Solera Holdings, Inc\Desktop\Raitha\RaithaProject\RaithaWebParent\RaithaBackEnd)
2023-08-22T12:23:46.050+05:30  INFO 2844 --- [restartedMain] c.raitha.admin.RaithaBackEndApplication  : No active profile set, falling back to 1 default profile: "default"
2023-08-22T12:23:46.284+05:30  INFO 2844 --- [restartedMain] .s.d.r.c.RepositoryConfigurationDelegate : Bootstrapping Spring Data JPA repositories in DEFAULT mode.
2023-08-22T12:23:46.303+05:30  INFO 2844 --- [restartedMain] .s.d.r.c.RepositoryConfigurationDelegate : Finished Spring Data repository scanning in 17 ms. Found 2 JPA repository interfaces.
2023-08-22T12:23:46.401+05:30  INFO 2844 --- [restartedMain] o.s.b.w.embedded.tomcat.TomcatWebServer  : Tomcat initialized with port(s): 8080 (http)
2023-08-22T12:23:46.403+05:30  INFO 2844 --- [restartedMain] o.apache.catalina.core.StandardService   : Starting service [Tomcat]
2023-08-22T12:23:46.403+05:30  INFO 2844 --- [restartedMain] o.apache.catalina.core.StandardEngine    : Starting Servlet engine: [Apache Tomcat/10.1.8]
2023-08-22T12:23:46.424+05:30  INFO 2844 --- [restartedMain] o.a.c.c.C.[.[localhost].[/RaithaAdmin]   : Initializing Spring embedded WebApplicationContext
2023-08-22T12:23:46.424+05:30  INFO 2844 --- [restartedMain] w.s.c.ServletWebServerApplicationContext : Root WebApplicationContext: initialization completed in 372 ms
2023-08-22T12:23:46.463+05:30  INFO 2844 --- [restartedMain] o.hibernate.jpa.internal.util.LogHelper  : HHH000204: Processing PersistenceUnitInfo [name: default]
2023-08-22T12:23:46.470+05:30  INFO 2844 --- [restartedMain] o.h.b.i.BytecodeProviderInitiator        : HHH000021: Bytecode provider name : bytebuddy
2023-08-22T12:23:46.471+05:30  INFO 2844 --- [restartedMain] o.s.o.j.p.SpringPersistenceUnitInfo      : No LoadTimeWeaver setup: ignoring JPA class transformer
2023-08-22T12:23:46.472+05:30  INFO 2844 --- [restartedMain] com.zaxxer.hikari.HikariDataSource       : HikariPool-2 - Starting...
2023-08-22T12:23:46.472+05:30  WARN 2844 --- [restartedMain] c.zaxxer.hikari.util.DriverDataSource    : Registered driver with driverClassName=com.mysql.jdbc.Driver was not found, trying direct instantiation.
2023-08-22T12:23:46.483+05:30  INFO 2844 --- [restartedMain] com.zaxxer.hikari.pool.HikariPool        : HikariPool-2 - Added connection com.mysql.cj.jdbc.ConnectionImpl@57863c61
2023-08-22T12:23:46.483+05:30  INFO 2844 --- [restartedMain] com.zaxxer.hikari.HikariDataSource       : HikariPool-2 - Start completed.
2023-08-22T12:23:46.485+05:30  INFO 2844 --- [restartedMain] org.hibernate.orm.dialect                : HHH035001: Using dialect: org.hibernate.dialect.MySQL8Dialect, version: 8.0
2023-08-22T12:23:46.485+05:30  WARN 2844 --- [restartedMain] org.hibernate.orm.deprecation            : HHH90000026: MySQL8Dialect has been deprecated; use org.hibernate.dialect.MySQLDialect instead
2023-08-22T12:23:46.493+05:30  INFO 2844 --- [restartedMain] o.h.b.i.BytecodeProviderInitiator        : HHH000021: Bytecode provider name : bytebuddy
2023-08-22T12:23:46.521+05:30  INFO 2844 --- [restartedMain] o.h.e.t.j.p.i.JtaPlatformInitiator       : HHH000490: Using JtaPlatform implementation: [org.hibernate.engine.transaction.jta.platform.internal.NoJtaPlatform]
2023-08-22T12:23:46.536+05:30  INFO 2844 --- [restartedMain] j.LocalContainerEntityManagerFactoryBean : Initialized JPA EntityManagerFactory for persistence unit 'default'
2023-08-22T12:23:46.624+05:30  WARN 2844 --- [restartedMain] JpaBaseConfiguration$JpaWebConfiguration : spring.jpa.open-in-view is enabled by default. Therefore, database queries may be performed during view rendering. Explicitly configure spring.jpa.open-in-view to disable this warning
2023-08-22T12:23:46.643+05:30  INFO 2844 --- [restartedMain] o.s.b.a.w.s.WelcomePageHandlerMapping    : Adding welcome page template: index
2023-08-22T12:23:46.887+05:30  INFO 2844 --- [restartedMain] o.s.s.web.DefaultSecurityFilterChain     : Will secure any request with [org.springframework.security.web.session.DisableEncodeUrlFilter@7b440449, org.springframework.security.web.context.request.async.WebAsyncManagerIntegrationFilter@75f75ca5, org.springframework.security.web.context.SecurityContextHolderFilter@74bfeb4b, org.springframework.security.web.header.HeaderWriterFilter@6b8992e7, org.springframework.security.web.csrf.CsrfFilter@2c50f5c2, org.springframework.security.web.authentication.logout.LogoutFilter@17233d14, org.springframework.security.web.authentication.UsernamePasswordAuthenticationFilter@5543f6ba, org.springframework.security.web.savedrequest.RequestCacheAwareFilter@5f6aeefb, org.springframework.security.web.servletapi.SecurityContextHolderAwareRequestFilter@3361f37d, org.springframework.security.web.authentication.rememberme.RememberMeAuthenticationFilter@5964d5a, org.springframework.security.web.authentication.AnonymousAuthenticationFilter@3f4b8287, org.springframework.security.web.access.ExceptionTranslationFilter@316bb18a, org.springframework.security.web.access.intercept.FilterSecurityInterceptor@7a6e9a6e]
2023-08-22T12:23:46.934+05:30  WARN 2844 --- [restartedMain] o.s.s.c.a.web.builders.WebSecurity       : You are asking Spring Security to ignore Mvc [pattern='/images/**']. This is not recommended -- please use permitAll via HttpSecurity#authorizeHttpRequests instead.
2023-08-22T12:23:46.934+05:30  INFO 2844 --- [restartedMain] o.s.s.web.DefaultSecurityFilterChain     : Will not secure Mvc [pattern='/images/**']
2023-08-22T12:23:46.934+05:30  WARN 2844 --- [restartedMain] o.s.s.c.a.web.builders.WebSecurity       : You are asking Spring Security to ignore Mvc [pattern='/js/**']. This is not recommended -- please use permitAll via HttpSecurity#authorizeHttpRequests instead.
2023-08-22T12:23:46.934+05:30  INFO 2844 --- [restartedMain] o.s.s.web.DefaultSecurityFilterChain     : Will not secure Mvc [pattern='/js/**']
2023-08-22T12:23:46.934+05:30  WARN 2844 --- [restartedMain] o.s.s.c.a.web.builders.WebSecurity       : You are asking Spring Security to ignore Mvc [pattern='/webjars/**']. This is not recommended -- please use permitAll via HttpSecurity#authorizeHttpRequests instead.
2023-08-22T12:23:46.934+05:30  INFO 2844 --- [restartedMain] o.s.s.web.DefaultSecurityFilterChain     : Will not secure Mvc [pattern='/webjars/**']
2023-08-22T12:23:46.943+05:30  INFO 2844 --- [restartedMain] o.s.b.d.a.OptionalLiveReloadServer       : LiveReload server is running on port 35729
2023-08-22T12:23:46.959+05:30  INFO 2844 --- [restartedMain] o.s.b.w.embedded.tomcat.TomcatWebServer  : Tomcat started on port(s): 8080 (http) with context path '/RaithaAdmin'
2023-08-22T12:23:46.965+05:30  INFO 2844 --- [restartedMain] c.raitha.admin.RaithaBackEndApplication  : Started RaithaBackEndApplication in 0.954 seconds (process running for 2051.216)
2023-08-22T12:23:46.967+05:30  INFO 2844 --- [restartedMain] .ConditionEvaluationDeltaLoggingListener : Condition evaluation unchanged
2023-08-22T12:23:47.761+05:30  INFO 2844 --- [RMI TCP Connection(41)-127.0.0.1] inMXBeanRegistrar$SpringApplicationAdmin : Application shutdown requested.
2023-08-22T12:23:47.774+05:30  INFO 2844 --- [RMI TCP Connection(41)-127.0.0.1] o.apache.catalina.core.StandardService   : Stopping service [Tomcat]
2023-08-22T12:23:47.778+05:30  INFO 2844 --- [RMI TCP Connection(41)-127.0.0.1] j.LocalContainerEntityManagerFactoryBean : Closing JPA EntityManagerFactory for persistence unit 'default'
2023-08-22T12:23:47.779+05:30  INFO 2844 --- [RMI TCP Connection(41)-127.0.0.1] com.zaxxer.hikari.HikariDataSource       : HikariPool-2 - Shutdown initiated...
2023-08-22T12:23:47.783+05:30  INFO 2844 --- [RMI TCP Connection(41)-127.0.0.1] com.zaxxer.hikari.HikariDataSource       : HikariPool-2 - Shutdown completed.
2023-08-22T12:23:50.265+05:30  INFO 16848 --- [restartedMain] c.raitha.admin.RaithaBackEndApplication  : Starting RaithaBackEndApplication using Java 20.0.1 with PID 16848 (C:\Users\Komalesh.Be\OneDrive - Solera Holdings, Inc\Desktop\Raitha\RaithaProject\RaithaWebParent\RaithaBackEnd\target\classes started by Komalesh.Be in C:\Users\Komalesh.Be\OneDrive - Solera Holdings, Inc\Desktop\Raitha\RaithaProject\RaithaWebParent\RaithaBackEnd)
2023-08-22T12:23:50.268+05:30  INFO 16848 --- [restartedMain] c.raitha.admin.RaithaBackEndApplication  : No active profile set, falling back to 1 default profile: "default"
2023-08-22T12:23:50.305+05:30  INFO 16848 --- [restartedMain] .e.DevToolsPropertyDefaultsPostProcessor : Devtools property defaults active! Set 'spring.devtools.add-properties' to 'false' to disable
2023-08-22T12:23:50.305+05:30  INFO 16848 --- [restartedMain] .e.DevToolsPropertyDefaultsPostProcessor : For additional web related logging consider setting the 'logging.level.web' property to 'DEBUG'
2023-08-22T12:23:50.824+05:30  INFO 16848 --- [restartedMain] .s.d.r.c.RepositoryConfigurationDelegate : Bootstrapping Spring Data JPA repositories in DEFAULT mode.
2023-08-22T12:23:50.882+05:30  INFO 16848 --- [restartedMain] .s.d.r.c.RepositoryConfigurationDelegate : Finished Spring Data repository scanning in 53 ms. Found 2 JPA repository interfaces.
2023-08-22T12:23:51.374+05:30  INFO 16848 --- [restartedMain] o.s.b.w.embedded.tomcat.TomcatWebServer  : Tomcat initialized with port(s): 8080 (http)
2023-08-22T12:23:51.382+05:30  INFO 16848 --- [restartedMain] o.apache.catalina.core.StandardService   : Starting service [Tomcat]
2023-08-22T12:23:51.382+05:30  INFO 16848 --- [restartedMain] o.apache.catalina.core.StandardEngine    : Starting Servlet engine: [Apache Tomcat/10.1.8]
2023-08-22T12:23:51.439+05:30  INFO 16848 --- [restartedMain] o.a.c.c.C.[.[localhost].[/RaithaAdmin]   : Initializing Spring embedded WebApplicationContext
2023-08-22T12:23:51.439+05:30  INFO 16848 --- [restartedMain] w.s.c.ServletWebServerApplicationContext : Root WebApplicationContext: initialization completed in 1134 ms
2023-08-22T12:23:51.564+05:30  INFO 16848 --- [restartedMain] o.hibernate.jpa.internal.util.LogHelper  : HHH000204: Processing PersistenceUnitInfo [name: default]
2023-08-22T12:23:51.605+05:30  INFO 16848 --- [restartedMain] org.hibernate.Version                    : HHH000412: Hibernate ORM core version 6.2.2.Final
2023-08-22T12:23:51.607+05:30  INFO 16848 --- [restartedMain] org.hibernate.cfg.Environment            : HHH000406: Using bytecode reflection optimizer
2023-08-22T12:23:51.722+05:30  INFO 16848 --- [restartedMain] o.h.b.i.BytecodeProviderInitiator        : HHH000021: Bytecode provider name : bytebuddy
2023-08-22T12:23:51.824+05:30  INFO 16848 --- [restartedMain] o.s.o.j.p.SpringPersistenceUnitInfo      : No LoadTimeWeaver setup: ignoring JPA class transformer
2023-08-22T12:23:51.838+05:30  INFO 16848 --- [restartedMain] com.zaxxer.hikari.HikariDataSource       : HikariPool-1 - Starting...
2023-08-22T12:23:51.842+05:30  WARN 16848 --- [restartedMain] c.zaxxer.hikari.util.DriverDataSource    : Registered driver with driverClassName=com.mysql.jdbc.Driver was not found, trying direct instantiation.
2023-08-22T12:23:52.094+05:30  INFO 16848 --- [restartedMain] com.zaxxer.hikari.pool.HikariPool        : HikariPool-1 - Added connection com.mysql.cj.jdbc.ConnectionImpl@6c75590
2023-08-22T12:23:52.097+05:30  INFO 16848 --- [restartedMain] com.zaxxer.hikari.HikariDataSource       : HikariPool-1 - Start completed.
2023-08-22T12:23:52.134+05:30  INFO 16848 --- [restartedMain] org.hibernate.orm.dialect                : HHH035001: Using dialect: org.hibernate.dialect.MySQL8Dialect, version: 8.0
2023-08-22T12:23:52.135+05:30  WARN 16848 --- [restartedMain] org.hibernate.orm.deprecation            : HHH90000026: MySQL8Dialect has been deprecated; use org.hibernate.dialect.MySQLDialect instead
2023-08-22T12:23:52.339+05:30  INFO 16848 --- [restartedMain] o.h.b.i.BytecodeProviderInitiator        : HHH000021: Bytecode provider name : bytebuddy
2023-08-22T12:23:52.869+05:30  INFO 16848 --- [restartedMain] o.h.e.t.j.p.i.JtaPlatformInitiator       : HHH000490: Using JtaPlatform implementation: [org.hibernate.engine.transaction.jta.platform.internal.NoJtaPlatform]
2023-08-22T12:23:52.935+05:30  INFO 16848 --- [restartedMain] j.LocalContainerEntityManagerFactoryBean : Initialized JPA EntityManagerFactory for persistence unit 'default'
2023-08-22T12:23:53.165+05:30  INFO 16848 --- [restartedMain] o.s.d.j.r.query.QueryEnhancerFactory     : Hibernate is in classpath; If applicable, HQL parser will be used.
2023-08-22T12:23:53.510+05:30  WARN 16848 --- [restartedMain] JpaBaseConfiguration$JpaWebConfiguration : spring.jpa.open-in-view is enabled by default. Therefore, database queries may be performed during view rendering. Explicitly configure spring.jpa.open-in-view to disable this warning
2023-08-22T12:23:53.599+05:30  INFO 16848 --- [restartedMain] o.s.b.a.w.s.WelcomePageHandlerMapping    : Adding welcome page template: index
2023-08-22T12:23:54.016+05:30  INFO 16848 --- [restartedMain] o.s.s.web.DefaultSecurityFilterChain     : Will secure any request with [org.springframework.security.web.session.DisableEncodeUrlFilter@4cac6ba, org.springframework.security.web.context.request.async.WebAsyncManagerIntegrationFilter@7a8c74d5, org.springframework.security.web.context.SecurityContextHolderFilter@17af4513, org.springframework.security.web.header.HeaderWriterFilter@73524839, org.springframework.security.web.csrf.CsrfFilter@6d79dd7c, org.springframework.security.web.authentication.logout.LogoutFilter@1a05d44f, org.springframework.security.web.authentication.UsernamePasswordAuthenticationFilter@7c95cd9d, org.springframework.security.web.savedrequest.RequestCacheAwareFilter@237859e8, org.springframework.security.web.servletapi.SecurityContextHolderAwareRequestFilter@6745accc, org.springframework.security.web.authentication.rememberme.RememberMeAuthenticationFilter@7740b269, org.springframework.security.web.authentication.AnonymousAuthenticationFilter@8ad5217, org.springframework.security.web.access.ExceptionTranslationFilter@30e737ae, org.springframework.security.web.access.intercept.FilterSecurityInterceptor@3d100b46]
2023-08-22T12:23:54.168+05:30  WARN 16848 --- [restartedMain] o.s.s.c.a.web.builders.WebSecurity       : You are asking Spring Security to ignore Mvc [pattern='/images/**']. This is not recommended -- please use permitAll via HttpSecurity#authorizeHttpRequests instead.
2023-08-22T12:23:54.169+05:30  INFO 16848 --- [restartedMain] o.s.s.web.DefaultSecurityFilterChain     : Will not secure Mvc [pattern='/images/**']
2023-08-22T12:23:54.169+05:30  WARN 16848 --- [restartedMain] o.s.s.c.a.web.builders.WebSecurity       : You are asking Spring Security to ignore Mvc [pattern='/js/**']. This is not recommended -- please use permitAll via HttpSecurity#authorizeHttpRequests instead.
2023-08-22T12:23:54.169+05:30  INFO 16848 --- [restartedMain] o.s.s.web.DefaultSecurityFilterChain     : Will not secure Mvc [pattern='/js/**']
2023-08-22T12:23:54.169+05:30  WARN 16848 --- [restartedMain] o.s.s.c.a.web.builders.WebSecurity       : You are asking Spring Security to ignore Mvc [pattern='/webjars/**']. This is not recommended -- please use permitAll via HttpSecurity#authorizeHttpRequests instead.
2023-08-22T12:23:54.169+05:30  INFO 16848 --- [restartedMain] o.s.s.web.DefaultSecurityFilterChain     : Will not secure Mvc [pattern='/webjars/**']
2023-08-22T12:23:54.209+05:30  INFO 16848 --- [restartedMain] o.s.b.d.a.OptionalLiveReloadServer       : LiveReload server is running on port 35729
2023-08-22T12:23:54.249+05:30  INFO 16848 --- [restartedMain] o.s.b.w.embedded.tomcat.TomcatWebServer  : Tomcat started on port(s): 8080 (http) with context path '/RaithaAdmin'
2023-08-22T12:23:54.259+05:30  INFO 16848 --- [restartedMain] c.raitha.admin.RaithaBackEndApplication  : Started RaithaBackEndApplication in 4.303 seconds (process running for 5.07)
2023-08-22T12:27:54.728+05:30  INFO 16848 --- [File Watcher] rtingClassPathChangeChangedEventListener : Restarting due to 1 class path change (0 additions, 0 deletions, 1 modification)
2023-08-22T12:27:54.746+05:30  INFO 16848 --- [Thread-5] o.apache.catalina.core.StandardService   : Stopping service [Tomcat]
2023-08-22T12:27:54.753+05:30  INFO 16848 --- [Thread-5] j.LocalContainerEntityManagerFactoryBean : Closing JPA EntityManagerFactory for persistence unit 'default'
2023-08-22T12:27:54.755+05:30  INFO 16848 --- [Thread-5] com.zaxxer.hikari.HikariDataSource       : HikariPool-1 - Shutdown initiated...
2023-08-22T12:27:54.761+05:30  INFO 16848 --- [Thread-5] com.zaxxer.hikari.HikariDataSource       : HikariPool-1 - Shutdown completed.
2023-08-22T12:27:54.831+05:30  INFO 16848 --- [restartedMain] c.raitha.admin.RaithaBackEndApplication  : Starting RaithaBackEndApplication using Java 20.0.1 with PID 16848 (C:\Users\Komalesh.Be\OneDrive - Solera Holdings, Inc\Desktop\Raitha\RaithaProject\RaithaWebParent\RaithaBackEnd\target\classes started by Komalesh.Be in C:\Users\Komalesh.Be\OneDrive - Solera Holdings, Inc\Desktop\Raitha\RaithaProject\RaithaWebParent\RaithaBackEnd)
2023-08-22T12:27:54.831+05:30  INFO 16848 --- [restartedMain] c.raitha.admin.RaithaBackEndApplication  : No active profile set, falling back to 1 default profile: "default"
2023-08-22T12:27:55.021+05:30  INFO 16848 --- [restartedMain] .s.d.r.c.RepositoryConfigurationDelegate : Bootstrapping Spring Data JPA repositories in DEFAULT mode.
2023-08-22T12:27:55.045+05:30  INFO 16848 --- [restartedMain] .s.d.r.c.RepositoryConfigurationDelegate : Finished Spring Data repository scanning in 24 ms. Found 2 JPA repository interfaces.
2023-08-22T12:27:55.135+05:30  INFO 16848 --- [restartedMain] o.s.b.w.embedded.tomcat.TomcatWebServer  : Tomcat initialized with port(s): 8080 (http)
2023-08-22T12:27:55.135+05:30  INFO 16848 --- [restartedMain] o.apache.catalina.core.StandardService   : Starting service [Tomcat]
2023-08-22T12:27:55.136+05:30  INFO 16848 --- [restartedMain] o.apache.catalina.core.StandardEngine    : Starting Servlet engine: [Apache Tomcat/10.1.8]
2023-08-22T12:27:55.156+05:30  INFO 16848 --- [restartedMain] o.a.c.c.C.[.[localhost].[/RaithaAdmin]   : Initializing Spring embedded WebApplicationContext
2023-08-22T12:27:55.156+05:30  INFO 16848 --- [restartedMain] w.s.c.ServletWebServerApplicationContext : Root WebApplicationContext: initialization completed in 322 ms
2023-08-22T12:27:55.188+05:30  INFO 16848 --- [restartedMain] o.hibernate.jpa.internal.util.LogHelper  : HHH000204: Processing PersistenceUnitInfo [name: default]
2023-08-22T12:27:55.196+05:30  INFO 16848 --- [restartedMain] o.h.b.i.BytecodeProviderInitiator        : HHH000021: Bytecode provider name : bytebuddy
2023-08-22T12:27:55.196+05:30  INFO 16848 --- [restartedMain] o.s.o.j.p.SpringPersistenceUnitInfo      : No LoadTimeWeaver setup: ignoring JPA class transformer
2023-08-22T12:27:55.197+05:30  INFO 16848 --- [restartedMain] com.zaxxer.hikari.HikariDataSource       : HikariPool-2 - Starting...
2023-08-22T12:27:55.197+05:30  WARN 16848 --- [restartedMain] c.zaxxer.hikari.util.DriverDataSource    : Registered driver with driverClassName=com.mysql.jdbc.Driver was not found, trying direct instantiation.
2023-08-22T12:27:55.208+05:30  INFO 16848 --- [restartedMain] com.zaxxer.hikari.pool.HikariPool        : HikariPool-2 - Added connection com.mysql.cj.jdbc.ConnectionImpl@46425934
2023-08-22T12:27:55.208+05:30  INFO 16848 --- [restartedMain] com.zaxxer.hikari.HikariDataSource       : HikariPool-2 - Start completed.
2023-08-22T12:27:55.209+05:30  INFO 16848 --- [restartedMain] org.hibernate.orm.dialect                : HHH035001: Using dialect: org.hibernate.dialect.MySQL8Dialect, version: 8.0
2023-08-22T12:27:55.209+05:30  WARN 16848 --- [restartedMain] org.hibernate.orm.deprecation            : HHH90000026: MySQL8Dialect has been deprecated; use org.hibernate.dialect.MySQLDialect instead
2023-08-22T12:27:55.218+05:30  INFO 16848 --- [restartedMain] o.h.b.i.BytecodeProviderInitiator        : HHH000021: Bytecode provider name : bytebuddy
2023-08-22T12:27:55.245+05:30  INFO 16848 --- [restartedMain] o.h.e.t.j.p.i.JtaPlatformInitiator       : HHH000490: Using JtaPlatform implementation: [org.hibernate.engine.transaction.jta.platform.internal.NoJtaPlatform]
2023-08-22T12:27:55.259+05:30  INFO 16848 --- [restartedMain] j.LocalContainerEntityManagerFactoryBean : Initialized JPA EntityManagerFactory for persistence unit 'default'
2023-08-22T12:27:55.327+05:30  WARN 16848 --- [restartedMain] JpaBaseConfiguration$JpaWebConfiguration : spring.jpa.open-in-view is enabled by default. Therefore, database queries may be performed during view rendering. Explicitly configure spring.jpa.open-in-view to disable this warning
2023-08-22T12:27:55.340+05:30  INFO 16848 --- [restartedMain] o.s.b.a.w.s.WelcomePageHandlerMapping    : Adding welcome page template: index
2023-08-22T12:27:55.562+05:30  INFO 16848 --- [restartedMain] o.s.s.web.DefaultSecurityFilterChain     : Will secure any request with [org.springframework.security.web.session.DisableEncodeUrlFilter@5460c688, org.springframework.security.web.context.request.async.WebAsyncManagerIntegrationFilter@7692060b, org.springframework.security.web.context.SecurityContextHolderFilter@1cccdf25, org.springframework.security.web.header.HeaderWriterFilter@6d773427, org.springframework.security.web.csrf.CsrfFilter@c3d76fa, org.springframework.security.web.authentication.logout.LogoutFilter@4d0f51be, org.springframework.security.web.authentication.UsernamePasswordAuthenticationFilter@6598e4fa, org.springframework.security.web.savedrequest.RequestCacheAwareFilter@7ba1e0e0, org.springframework.security.web.servletapi.SecurityContextHolderAwareRequestFilter@63c253c7, org.springframework.security.web.authentication.rememberme.RememberMeAuthenticationFilter@1be16f82, org.springframework.security.web.authentication.AnonymousAuthenticationFilter@548f9317, org.springframework.security.web.access.ExceptionTranslationFilter@23476794, org.springframework.security.web.access.intercept.FilterSecurityInterceptor@23c02205]
2023-08-22T12:27:55.597+05:30  WARN 16848 --- [restartedMain] o.s.s.c.a.web.builders.WebSecurity       : You are asking Spring Security to ignore Mvc [pattern='/images/**']. This is not recommended -- please use permitAll via HttpSecurity#authorizeHttpRequests instead.
2023-08-22T12:27:55.598+05:30  INFO 16848 --- [restartedMain] o.s.s.web.DefaultSecurityFilterChain     : Will not secure Mvc [pattern='/images/**']
2023-08-22T12:27:55.598+05:30  WARN 16848 --- [restartedMain] o.s.s.c.a.web.builders.WebSecurity       : You are asking Spring Security to ignore Mvc [pattern='/js/**']. This is not recommended -- please use permitAll via HttpSecurity#authorizeHttpRequests instead.
2023-08-22T12:27:55.598+05:30  INFO 16848 --- [restartedMain] o.s.s.web.DefaultSecurityFilterChain     : Will not secure Mvc [pattern='/js/**']
2023-08-22T12:27:55.598+05:30  WARN 16848 --- [restartedMain] o.s.s.c.a.web.builders.WebSecurity       : You are asking Spring Security to ignore Mvc [pattern='/webjars/**']. This is not recommended -- please use permitAll via HttpSecurity#authorizeHttpRequests instead.
2023-08-22T12:27:55.598+05:30  INFO 16848 --- [restartedMain] o.s.s.web.DefaultSecurityFilterChain     : Will not secure Mvc [pattern='/webjars/**']
2023-08-22T12:27:55.603+05:30  INFO 16848 --- [restartedMain] o.s.b.d.a.OptionalLiveReloadServer       : LiveReload server is running on port 35729
2023-08-22T12:27:55.619+05:30  INFO 16848 --- [restartedMain] o.s.b.w.embedded.tomcat.TomcatWebServer  : Tomcat started on port(s): 8080 (http) with context path '/RaithaAdmin'
2023-08-22T12:27:55.626+05:30  INFO 16848 --- [restartedMain] c.raitha.admin.RaithaBackEndApplication  : Started RaithaBackEndApplication in 0.826 seconds (process running for 246.438)
2023-08-22T12:27:55.629+05:30  INFO 16848 --- [restartedMain] .ConditionEvaluationDeltaLoggingListener : Condition evaluation unchanged
2023-08-22T12:34:31.120+05:30  INFO 16848 --- [File Watcher] rtingClassPathChangeChangedEventListener : Restarting due to 1 class path change (0 additions, 0 deletions, 1 modification)
2023-08-22T12:34:31.138+05:30  INFO 16848 --- [Thread-7] o.apache.catalina.core.StandardService   : Stopping service [Tomcat]
2023-08-22T12:34:31.142+05:30  INFO 16848 --- [Thread-7] j.LocalContainerEntityManagerFactoryBean : Closing JPA EntityManagerFactory for persistence unit 'default'
2023-08-22T12:34:31.144+05:30  INFO 16848 --- [Thread-7] com.zaxxer.hikari.HikariDataSource       : HikariPool-2 - Shutdown initiated...
2023-08-22T12:34:31.148+05:30  INFO 16848 --- [Thread-7] com.zaxxer.hikari.HikariDataSource       : HikariPool-2 - Shutdown completed.
2023-08-22T12:34:31.246+05:30  INFO 16848 --- [restartedMain] c.raitha.admin.RaithaBackEndApplication  : Starting RaithaBackEndApplication using Java 20.0.1 with PID 16848 (C:\Users\Komalesh.Be\OneDrive - Solera Holdings, Inc\Desktop\Raitha\RaithaProject\RaithaWebParent\RaithaBackEnd\target\classes started by Komalesh.Be in C:\Users\Komalesh.Be\OneDrive - Solera Holdings, Inc\Desktop\Raitha\RaithaProject\RaithaWebParent\RaithaBackEnd)
2023-08-22T12:34:31.247+05:30  INFO 16848 --- [restartedMain] c.raitha.admin.RaithaBackEndApplication  : No active profile set, falling back to 1 default profile: "default"
2023-08-22T12:34:31.494+05:30  INFO 16848 --- [restartedMain] .s.d.r.c.RepositoryConfigurationDelegate : Bootstrapping Spring Data JPA repositories in DEFAULT mode.
2023-08-22T12:34:31.528+05:30  INFO 16848 --- [restartedMain] .s.d.r.c.RepositoryConfigurationDelegate : Finished Spring Data repository scanning in 33 ms. Found 2 JPA repository interfaces.
2023-08-22T12:34:31.650+05:30  INFO 16848 --- [restartedMain] o.s.b.w.embedded.tomcat.TomcatWebServer  : Tomcat initialized with port(s): 8080 (http)
2023-08-22T12:34:31.651+05:30  INFO 16848 --- [restartedMain] o.apache.catalina.core.StandardService   : Starting service [Tomcat]
2023-08-22T12:34:31.651+05:30  INFO 16848 --- [restartedMain] o.apache.catalina.core.StandardEngine    : Starting Servlet engine: [Apache Tomcat/10.1.8]
2023-08-22T12:34:31.682+05:30  INFO 16848 --- [restartedMain] o.a.c.c.C.[.[localhost].[/RaithaAdmin]   : Initializing Spring embedded WebApplicationContext
2023-08-22T12:34:31.682+05:30  INFO 16848 --- [restartedMain] w.s.c.ServletWebServerApplicationContext : Root WebApplicationContext: initialization completed in 433 ms
2023-08-22T12:34:31.717+05:30  INFO 16848 --- [restartedMain] o.hibernate.jpa.internal.util.LogHelper  : HHH000204: Processing PersistenceUnitInfo [name: default]
2023-08-22T12:34:31.726+05:30  INFO 16848 --- [restartedMain] o.h.b.i.BytecodeProviderInitiator        : HHH000021: Bytecode provider name : bytebuddy
2023-08-22T12:34:31.727+05:30  INFO 16848 --- [restartedMain] o.s.o.j.p.SpringPersistenceUnitInfo      : No LoadTimeWeaver setup: ignoring JPA class transformer
2023-08-22T12:34:31.728+05:30  INFO 16848 --- [restartedMain] com.zaxxer.hikari.HikariDataSource       : HikariPool-3 - Starting...
2023-08-22T12:34:31.729+05:30  WARN 16848 --- [restartedMain] c.zaxxer.hikari.util.DriverDataSource    : Registered driver with driverClassName=com.mysql.jdbc.Driver was not found, trying direct instantiation.
2023-08-22T12:34:31.740+05:30  INFO 16848 --- [restartedMain] com.zaxxer.hikari.pool.HikariPool        : HikariPool-3 - Added connection com.mysql.cj.jdbc.ConnectionImpl@1087c5c1
2023-08-22T12:34:31.740+05:30  INFO 16848 --- [restartedMain] com.zaxxer.hikari.HikariDataSource       : HikariPool-3 - Start completed.
2023-08-22T12:34:31.741+05:30  INFO 16848 --- [restartedMain] org.hibernate.orm.dialect                : HHH035001: Using dialect: org.hibernate.dialect.MySQL8Dialect, version: 8.0
2023-08-22T12:34:31.741+05:30  WARN 16848 --- [restartedMain] org.hibernate.orm.deprecation            : HHH90000026: MySQL8Dialect has been deprecated; use org.hibernate.dialect.MySQLDialect instead
2023-08-22T12:34:31.752+05:30  INFO 16848 --- [restartedMain] o.h.b.i.BytecodeProviderInitiator        : HHH000021: Bytecode provider name : bytebuddy
2023-08-22T12:34:31.788+05:30  INFO 16848 --- [restartedMain] o.h.e.t.j.p.i.JtaPlatformInitiator       : HHH000490: Using JtaPlatform implementation: [org.hibernate.engine.transaction.jta.platform.internal.NoJtaPlatform]
2023-08-22T12:34:31.805+05:30  INFO 16848 --- [restartedMain] j.LocalContainerEntityManagerFactoryBean : Initialized JPA EntityManagerFactory for persistence unit 'default'
2023-08-22T12:34:31.870+05:30  WARN 16848 --- [restartedMain] JpaBaseConfiguration$JpaWebConfiguration : spring.jpa.open-in-view is enabled by default. Therefore, database queries may be performed during view rendering. Explicitly configure spring.jpa.open-in-view to disable this warning
2023-08-22T12:34:31.885+05:30  INFO 16848 --- [restartedMain] o.s.b.a.w.s.WelcomePageHandlerMapping    : Adding welcome page template: index
2023-08-22T12:34:32.116+05:30  INFO 16848 --- [restartedMain] o.s.s.web.DefaultSecurityFilterChain     : Will secure any request with [org.springframework.security.web.session.DisableEncodeUrlFilter@7e7bbf77, org.springframework.security.web.context.request.async.WebAsyncManagerIntegrationFilter@143dd69e, org.springframework.security.web.context.SecurityContextHolderFilter@2867dda, org.springframework.security.web.header.HeaderWriterFilter@6b311587, org.springframework.security.web.csrf.CsrfFilter@712b4d28, org.springframework.security.web.authentication.logout.LogoutFilter@24cc0a43, org.springframework.security.web.authentication.UsernamePasswordAuthenticationFilter@51722c51, org.springframework.security.web.savedrequest.RequestCacheAwareFilter@29ef22af, org.springframework.security.web.servletapi.SecurityContextHolderAwareRequestFilter@76eb73e1, org.springframework.security.web.authentication.rememberme.RememberMeAuthenticationFilter@6bdce1fa, org.springframework.security.web.authentication.AnonymousAuthenticationFilter@54ed70ec, org.springframework.security.web.access.ExceptionTranslationFilter@7824ffec, org.springframework.security.web.access.intercept.FilterSecurityInterceptor@17ffba7c]
2023-08-22T12:34:32.152+05:30  WARN 16848 --- [restartedMain] o.s.s.c.a.web.builders.WebSecurity       : You are asking Spring Security to ignore Mvc [pattern='/images/**']. This is not recommended -- please use permitAll via HttpSecurity#authorizeHttpRequests instead.
2023-08-22T12:34:32.152+05:30  INFO 16848 --- [restartedMain] o.s.s.web.DefaultSecurityFilterChain     : Will not secure Mvc [pattern='/images/**']
2023-08-22T12:34:32.153+05:30  WARN 16848 --- [restartedMain] o.s.s.c.a.web.builders.WebSecurity       : You are asking Spring Security to ignore Mvc [pattern='/js/**']. This is not recommended -- please use permitAll via HttpSecurity#authorizeHttpRequests instead.
2023-08-22T12:34:32.153+05:30  INFO 16848 --- [restartedMain] o.s.s.web.DefaultSecurityFilterChain     : Will not secure Mvc [pattern='/js/**']
2023-08-22T12:34:32.153+05:30  WARN 16848 --- [restartedMain] o.s.s.c.a.web.builders.WebSecurity       : You are asking Spring Security to ignore Mvc [pattern='/webjars/**']. This is not recommended -- please use permitAll via HttpSecurity#authorizeHttpRequests instead.
2023-08-22T12:34:32.153+05:30  INFO 16848 --- [restartedMain] o.s.s.web.DefaultSecurityFilterChain     : Will not secure Mvc [pattern='/webjars/**']
2023-08-22T12:34:32.157+05:30  INFO 16848 --- [restartedMain] o.s.b.d.a.OptionalLiveReloadServer       : LiveReload server is running on port 35729
2023-08-22T12:34:32.170+05:30  INFO 16848 --- [restartedMain] o.s.b.w.embedded.tomcat.TomcatWebServer  : Tomcat started on port(s): 8080 (http) with context path '/RaithaAdmin'
2023-08-22T12:34:32.176+05:30  INFO 16848 --- [restartedMain] c.raitha.admin.RaithaBackEndApplication  : Started RaithaBackEndApplication in 0.959 seconds (process running for 642.987)
2023-08-22T12:34:32.178+05:30  INFO 16848 --- [restartedMain] .ConditionEvaluationDeltaLoggingListener : Condition evaluation unchanged
2023-08-22T12:34:37.482+05:30  INFO 16848 --- [RMI TCP Connection(24)-127.0.0.1] inMXBeanRegistrar$SpringApplicationAdmin : Application shutdown requested.
2023-08-22T12:34:37.501+05:30  INFO 16848 --- [RMI TCP Connection(24)-127.0.0.1] o.apache.catalina.core.StandardService   : Stopping service [Tomcat]
2023-08-22T12:34:37.504+05:30  INFO 16848 --- [RMI TCP Connection(24)-127.0.0.1] j.LocalContainerEntityManagerFactoryBean : Closing JPA EntityManagerFactory for persistence unit 'default'
2023-08-22T12:34:37.505+05:30  INFO 16848 --- [RMI TCP Connection(24)-127.0.0.1] com.zaxxer.hikari.HikariDataSource       : HikariPool-3 - Shutdown initiated...
2023-08-22T12:34:37.509+05:30  INFO 16848 --- [RMI TCP Connection(24)-127.0.0.1] com.zaxxer.hikari.HikariDataSource       : HikariPool-3 - Shutdown completed.
2023-08-22T12:34:39.685+05:30  INFO 14440 --- [restartedMain] c.raitha.admin.RaithaBackEndApplication  : Starting RaithaBackEndApplication using Java 20.0.1 with PID 14440 (C:\Users\Komalesh.Be\OneDrive - Solera Holdings, Inc\Desktop\Raitha\RaithaProject\RaithaWebParent\RaithaBackEnd\target\classes started by Komalesh.Be in C:\Users\Komalesh.Be\OneDrive - Solera Holdings, Inc\Desktop\Raitha\RaithaProject\RaithaWebParent\RaithaBackEnd)
2023-08-22T12:34:39.686+05:30  INFO 14440 --- [restartedMain] c.raitha.admin.RaithaBackEndApplication  : No active profile set, falling back to 1 default profile: "default"
2023-08-22T12:34:39.729+05:30  INFO 14440 --- [restartedMain] .e.DevToolsPropertyDefaultsPostProcessor : Devtools property defaults active! Set 'spring.devtools.add-properties' to 'false' to disable
2023-08-22T12:34:39.729+05:30  INFO 14440 --- [restartedMain] .e.DevToolsPropertyDefaultsPostProcessor : For additional web related logging consider setting the 'logging.level.web' property to 'DEBUG'
2023-08-22T12:34:40.240+05:30  INFO 14440 --- [restartedMain] .s.d.r.c.RepositoryConfigurationDelegate : Bootstrapping Spring Data JPA repositories in DEFAULT mode.
2023-08-22T12:34:40.297+05:30  INFO 14440 --- [restartedMain] .s.d.r.c.RepositoryConfigurationDelegate : Finished Spring Data repository scanning in 51 ms. Found 2 JPA repository interfaces.
2023-08-22T12:34:40.767+05:30  INFO 14440 --- [restartedMain] o.s.b.w.embedded.tomcat.TomcatWebServer  : Tomcat initialized with port(s): 8080 (http)
2023-08-22T12:34:40.774+05:30  INFO 14440 --- [restartedMain] o.apache.catalina.core.StandardService   : Starting service [Tomcat]
2023-08-22T12:34:40.775+05:30  INFO 14440 --- [restartedMain] o.apache.catalina.core.StandardEngine    : Starting Servlet engine: [Apache Tomcat/10.1.8]
2023-08-22T12:34:40.834+05:30  INFO 14440 --- [restartedMain] o.a.c.c.C.[.[localhost].[/RaithaAdmin]   : Initializing Spring embedded WebApplicationContext
2023-08-22T12:34:40.834+05:30  INFO 14440 --- [restartedMain] w.s.c.ServletWebServerApplicationContext : Root WebApplicationContext: initialization completed in 1105 ms
2023-08-22T12:34:40.960+05:30  INFO 14440 --- [restartedMain] o.hibernate.jpa.internal.util.LogHelper  : HHH000204: Processing PersistenceUnitInfo [name: default]
2023-08-22T12:34:41.000+05:30  INFO 14440 --- [restartedMain] org.hibernate.Version                    : HHH000412: Hibernate ORM core version 6.2.2.Final
2023-08-22T12:34:41.002+05:30  INFO 14440 --- [restartedMain] org.hibernate.cfg.Environment            : HHH000406: Using bytecode reflection optimizer
2023-08-22T12:34:41.117+05:30  INFO 14440 --- [restartedMain] o.h.b.i.BytecodeProviderInitiator        : HHH000021: Bytecode provider name : bytebuddy
2023-08-22T12:34:41.223+05:30  INFO 14440 --- [restartedMain] o.s.o.j.p.SpringPersistenceUnitInfo      : No LoadTimeWeaver setup: ignoring JPA class transformer
2023-08-22T12:34:41.237+05:30  INFO 14440 --- [restartedMain] com.zaxxer.hikari.HikariDataSource       : HikariPool-1 - Starting...
2023-08-22T12:34:41.241+05:30  WARN 14440 --- [restartedMain] c.zaxxer.hikari.util.DriverDataSource    : Registered driver with driverClassName=com.mysql.jdbc.Driver was not found, trying direct instantiation.
2023-08-22T12:34:41.497+05:30  INFO 14440 --- [restartedMain] com.zaxxer.hikari.pool.HikariPool        : HikariPool-1 - Added connection com.mysql.cj.jdbc.ConnectionImpl@2d13a514
2023-08-22T12:34:41.499+05:30  INFO 14440 --- [restartedMain] com.zaxxer.hikari.HikariDataSource       : HikariPool-1 - Start completed.
2023-08-22T12:34:41.535+05:30  INFO 14440 --- [restartedMain] org.hibernate.orm.dialect                : HHH035001: Using dialect: org.hibernate.dialect.MySQL8Dialect, version: 8.0
2023-08-22T12:34:41.536+05:30  WARN 14440 --- [restartedMain] org.hibernate.orm.deprecation            : HHH90000026: MySQL8Dialect has been deprecated; use org.hibernate.dialect.MySQLDialect instead
2023-08-22T12:34:41.723+05:30  INFO 14440 --- [restartedMain] o.h.b.i.BytecodeProviderInitiator        : HHH000021: Bytecode provider name : bytebuddy
2023-08-22T12:34:42.272+05:30  INFO 14440 --- [restartedMain] o.h.e.t.j.p.i.JtaPlatformInitiator       : HHH000490: Using JtaPlatform implementation: [org.hibernate.engine.transaction.jta.platform.internal.NoJtaPlatform]
2023-08-22T12:34:42.329+05:30  INFO 14440 --- [restartedMain] j.LocalContainerEntityManagerFactoryBean : Initialized JPA EntityManagerFactory for persistence unit 'default'
2023-08-22T12:34:42.554+05:30  INFO 14440 --- [restartedMain] o.s.d.j.r.query.QueryEnhancerFactory     : Hibernate is in classpath; If applicable, HQL parser will be used.
2023-08-22T12:34:42.909+05:30  WARN 14440 --- [restartedMain] JpaBaseConfiguration$JpaWebConfiguration : spring.jpa.open-in-view is enabled by default. Therefore, database queries may be performed during view rendering. Explicitly configure spring.jpa.open-in-view to disable this warning
2023-08-22T12:34:42.988+05:30  INFO 14440 --- [restartedMain] o.s.b.a.w.s.WelcomePageHandlerMapping    : Adding welcome page template: index
2023-08-22T12:34:43.439+05:30  INFO 14440 --- [restartedMain] o.s.s.web.DefaultSecurityFilterChain     : Will secure any request with [org.springframework.security.web.session.DisableEncodeUrlFilter@392c6c03, org.springframework.security.web.context.request.async.WebAsyncManagerIntegrationFilter@12c0ed9a, org.springframework.security.web.context.SecurityContextHolderFilter@23f1b8cf, org.springframework.security.web.header.HeaderWriterFilter@43030e9a, org.springframework.security.web.csrf.CsrfFilter@181d6546, org.springframework.security.web.authentication.logout.LogoutFilter@11132dd, org.springframework.security.web.authentication.UsernamePasswordAuthenticationFilter@32fadebe, org.springframework.security.web.savedrequest.RequestCacheAwareFilter@44f12620, org.springframework.security.web.servletapi.SecurityContextHolderAwareRequestFilter@2028625f, org.springframework.security.web.authentication.rememberme.RememberMeAuthenticationFilter@2ae7812c, org.springframework.security.web.authentication.AnonymousAuthenticationFilter@4b8e00f, org.springframework.security.web.access.ExceptionTranslationFilter@666189bd, org.springframework.security.web.access.intercept.FilterSecurityInterceptor@30761940]
2023-08-22T12:34:43.585+05:30  WARN 14440 --- [restartedMain] o.s.s.c.a.web.builders.WebSecurity       : You are asking Spring Security to ignore Mvc [pattern='/images/**']. This is not recommended -- please use permitAll via HttpSecurity#authorizeHttpRequests instead.
2023-08-22T12:34:43.586+05:30  INFO 14440 --- [restartedMain] o.s.s.web.DefaultSecurityFilterChain     : Will not secure Mvc [pattern='/images/**']
2023-08-22T12:34:43.586+05:30  WARN 14440 --- [restartedMain] o.s.s.c.a.web.builders.WebSecurity       : You are asking Spring Security to ignore Mvc [pattern='/js/**']. This is not recommended -- please use permitAll via HttpSecurity#authorizeHttpRequests instead.
2023-08-22T12:34:43.586+05:30  INFO 14440 --- [restartedMain] o.s.s.web.DefaultSecurityFilterChain     : Will not secure Mvc [pattern='/js/**']
2023-08-22T12:34:43.586+05:30  WARN 14440 --- [restartedMain] o.s.s.c.a.web.builders.WebSecurity       : You are asking Spring Security to ignore Mvc [pattern='/webjars/**']. This is not recommended -- please use permitAll via HttpSecurity#authorizeHttpRequests instead.
2023-08-22T12:34:43.586+05:30  INFO 14440 --- [restartedMain] o.s.s.web.DefaultSecurityFilterChain     : Will not secure Mvc [pattern='/webjars/**']
2023-08-22T12:34:43.624+05:30  INFO 14440 --- [restartedMain] o.s.b.d.a.OptionalLiveReloadServer       : LiveReload server is running on port 35729
2023-08-22T12:34:43.662+05:30  INFO 14440 --- [restartedMain] o.s.b.w.embedded.tomcat.TomcatWebServer  : Tomcat started on port(s): 8080 (http) with context path '/RaithaAdmin'
2023-08-22T12:34:43.671+05:30  INFO 14440 --- [restartedMain] c.raitha.admin.RaithaBackEndApplication  : Started RaithaBackEndApplication in 4.308 seconds (process running for 5.038)
2023-08-22T12:34:57.854+05:30  INFO 14440 --- [http-nio-8080-exec-2] o.a.c.c.C.[.[localhost].[/RaithaAdmin]   : Initializing Spring DispatcherServlet 'dispatcherServlet'
2023-08-22T12:34:57.854+05:30  INFO 14440 --- [http-nio-8080-exec-2] o.s.web.servlet.DispatcherServlet        : Initializing Servlet 'dispatcherServlet'
2023-08-22T12:34:57.855+05:30  INFO 14440 --- [http-nio-8080-exec-2] o.s.web.servlet.DispatcherServlet        : Completed initialization in 1 ms
2023-08-22T12:35:08.511+05:30  WARN 14440 --- [http-nio-8080-exec-7] actStandardFragmentInsertionTagProcessor : [THYMELEAF][http-nio-8080-exec-7][index] Deprecated unwrapped fragment expression "fragments :: page_head('Home - Raitha Admin')" found in template index, line 4, col 7. Please use the complete syntax of fragment expressions instead ("~{fragments :: page_head('Home - Raitha Admin')}"). The old, unwrapped syntax for fragment expressions will be removed in future versions of Thymeleaf.
2023-08-22T12:35:08.528+05:30  WARN 14440 --- [http-nio-8080-exec-7] actStandardFragmentInsertionTagProcessor : [THYMELEAF][http-nio-8080-exec-7][index] Deprecated unwrapped fragment expression "navigation :: menu" found in template index, line 10, col 7. Please use the complete syntax of fragment expressions instead ("~{navigation :: menu}"). The old, unwrapped syntax for fragment expressions will be removed in future versions of Thymeleaf.
2023-08-22T12:35:08.563+05:30  WARN 14440 --- [http-nio-8080-exec-7] actStandardFragmentInsertionTagProcessor : [THYMELEAF][http-nio-8080-exec-7][index] Deprecated unwrapped fragment expression "fragments :: footer" found in template index, line 20, col 6. Please use the complete syntax of fragment expressions instead ("~{fragments :: footer}"). The old, unwrapped syntax for fragment expressions will be removed in future versions of Thymeleaf.
2023-08-22T12:35:11.753+05:30  WARN 14440 --- [http-nio-8080-exec-5] actStandardFragmentInsertionTagProcessor : [THYMELEAF][http-nio-8080-exec-5][users/users] Deprecated unwrapped fragment expression "fragments :: page_head('Users - Raitha Admin')" found in template users/users, line 3, col 7. Please use the complete syntax of fragment expressions instead ("~{fragments :: page_head('Users - Raitha Admin')}"). The old, unwrapped syntax for fragment expressions will be removed in future versions of Thymeleaf.
2023-08-22T12:35:11.758+05:30  WARN 14440 --- [http-nio-8080-exec-5] actStandardFragmentInsertionTagProcessor : [THYMELEAF][http-nio-8080-exec-5][users/users] Deprecated unwrapped fragment expression "navigation::menu" found in template users/users, line 7, col 8. Please use the complete syntax of fragment expressions instead ("~{navigation::menu}"). The old, unwrapped syntax for fragment expressions will be removed in future versions of Thymeleaf.
2023-08-22T12:35:11.782+05:30  WARN 14440 --- [http-nio-8080-exec-5] actStandardFragmentInsertionTagProcessor : [THYMELEAF][http-nio-8080-exec-5][users/users] Deprecated unwrapped fragment expression "fragments :: column_link('id', 'User ID','tag')" found in template users/users, line 47, col 11. Please use the complete syntax of fragment expressions instead ("~{fragments :: column_link('id', 'User ID','tag')}"). The old, unwrapped syntax for fragment expressions will be removed in future versions of Thymeleaf.
2023-08-22T12:35:11.793+05:30  WARN 14440 --- [http-nio-8080-exec-5] actStandardFragmentInsertionTagProcessor : [THYMELEAF][http-nio-8080-exec-5][users/users] Deprecated unwrapped fragment expression "fragments :: column_link('email', 'E-mail','tag')" found in template users/users, line 51, col 11. Please use the complete syntax of fragment expressions instead ("~{fragments :: column_link('email', 'E-mail','tag')}"). The old, unwrapped syntax for fragment expressions will be removed in future versions of Thymeleaf.
2023-08-22T12:35:11.797+05:30  WARN 14440 --- [http-nio-8080-exec-5] actStandardFragmentInsertionTagProcessor : [THYMELEAF][http-nio-8080-exec-5][users/users] Deprecated unwrapped fragment expression "fragments :: column_link('firstName', 'First Name','none')" found in template users/users, line 53, col 11. Please use the complete syntax of fragment expressions instead ("~{fragments :: column_link('firstName', 'First Name','none')}"). The old, unwrapped syntax for fragment expressions will be removed in future versions of Thymeleaf.
2023-08-22T12:35:11.802+05:30  WARN 14440 --- [http-nio-8080-exec-5] actStandardFragmentInsertionTagProcessor : [THYMELEAF][http-nio-8080-exec-5][users/users] Deprecated unwrapped fragment expression "fragments :: column_link('lastName', 'Last Name','none')" found in template users/users, line 54, col 11. Please use the complete syntax of fragment expressions instead ("~{fragments :: column_link('lastName', 'Last Name','none')}"). The old, unwrapped syntax for fragment expressions will be removed in future versions of Thymeleaf.
2023-08-22T12:35:11.805+05:30  WARN 14440 --- [http-nio-8080-exec-5] actStandardFragmentInsertionTagProcessor : [THYMELEAF][http-nio-8080-exec-5][users/users] Deprecated unwrapped fragment expression "fragments :: column_link('enabled', 'Enabled','none')" found in template users/users, line 56, col 11. Please use the complete syntax of fragment expressions instead ("~{fragments :: column_link('enabled', 'Enabled','none')}"). The old, unwrapped syntax for fragment expressions will be removed in future versions of Thymeleaf.
2023-08-22T12:35:11.846+05:30  WARN 14440 --- [http-nio-8080-exec-5] actStandardFragmentInsertionTagProcessor : [THYMELEAF][http-nio-8080-exec-5][users/users] Deprecated unwrapped fragment expression "fragments::page_link(1,'First')" found in template users/users, line 134, col 10. Please use the complete syntax of fragment expressions instead ("~{fragments::page_link(1,'First')}"). The old, unwrapped syntax for fragment expressions will be removed in future versions of Thymeleaf.
2023-08-22T12:35:11.852+05:30  WARN 14440 --- [http-nio-8080-exec-5] actStandardFragmentInsertionTagProcessor : [THYMELEAF][http-nio-8080-exec-5][users/users] Deprecated unwrapped fragment expression "fragments::page_link(${currentPage-1},'Previous')" found in template users/users, line 138, col 10. Please use the complete syntax of fragment expressions instead ("~{fragments::page_link(${currentPage-1},'Previous')}"). The old, unwrapped syntax for fragment expressions will be removed in future versions of Thymeleaf.
2023-08-22T12:35:11.860+05:30  WARN 14440 --- [http-nio-8080-exec-5] actStandardFragmentInsertionTagProcessor : [THYMELEAF][http-nio-8080-exec-5][users/users] Deprecated unwrapped fragment expression "fragments::page_link(${i},${i})" found in template users/users, line 143, col 7. Please use the complete syntax of fragment expressions instead ("~{fragments::page_link(${i},${i})}"). The old, unwrapped syntax for fragment expressions will be removed in future versions of Thymeleaf.
2023-08-22T12:35:11.863+05:30  WARN 14440 --- [http-nio-8080-exec-5] actStandardFragmentInsertionTagProcessor : [THYMELEAF][http-nio-8080-exec-5][users/users] Deprecated unwrapped fragment expression "fragments::page_link(${i},${i})" found in template users/users, line 143, col 7. Please use the complete syntax of fragment expressions instead ("~{fragments::page_link(${i},${i})}"). The old, unwrapped syntax for fragment expressions will be removed in future versions of Thymeleaf.
2023-08-22T12:35:11.866+05:30  WARN 14440 --- [http-nio-8080-exec-5] actStandardFragmentInsertionTagProcessor : [THYMELEAF][http-nio-8080-exec-5][users/users] Deprecated unwrapped fragment expression "fragments::page_link(${i},${i})" found in template users/users, line 143, col 7. Please use the complete syntax of fragment expressions instead ("~{fragments::page_link(${i},${i})}"). The old, unwrapped syntax for fragment expressions will be removed in future versions of Thymeleaf.
2023-08-22T12:35:11.870+05:30  WARN 14440 --- [http-nio-8080-exec-5] actStandardFragmentInsertionTagProcessor : [THYMELEAF][http-nio-8080-exec-5][users/users] Deprecated unwrapped fragment expression "fragments::page_link(${i},${i})" found in template users/users, line 143, col 7. Please use the complete syntax of fragment expressions instead ("~{fragments::page_link(${i},${i})}"). The old, unwrapped syntax for fragment expressions will be removed in future versions of Thymeleaf.
2023-08-22T12:35:11.872+05:30  WARN 14440 --- [http-nio-8080-exec-5] actStandardFragmentInsertionTagProcessor : [THYMELEAF][http-nio-8080-exec-5][users/users] Deprecated unwrapped fragment expression "fragments::page_link(${i},${i})" found in template users/users, line 143, col 7. Please use the complete syntax of fragment expressions instead ("~{fragments::page_link(${i},${i})}"). The old, unwrapped syntax for fragment expressions will be removed in future versions of Thymeleaf.
2023-08-22T12:35:11.876+05:30  WARN 14440 --- [http-nio-8080-exec-5] actStandardFragmentInsertionTagProcessor : [THYMELEAF][http-nio-8080-exec-5][users/users] Deprecated unwrapped fragment expression "fragments::page_link(${i},${i})" found in template users/users, line 143, col 7. Please use the complete syntax of fragment expressions instead ("~{fragments::page_link(${i},${i})}"). The old, unwrapped syntax for fragment expressions will be removed in future versions of Thymeleaf.
2023-08-22T12:35:11.878+05:30  WARN 14440 --- [http-nio-8080-exec-5] actStandardFragmentInsertionTagProcessor : [THYMELEAF][http-nio-8080-exec-5][users/users] Deprecated unwrapped fragment expression "fragments::page_link(${currentPage+1},'Next')" found in template users/users, line 147, col 10. Please use the complete syntax of fragment expressions instead ("~{fragments::page_link(${currentPage+1},'Next')}"). The old, unwrapped syntax for fragment expressions will be removed in future versions of Thymeleaf.
2023-08-22T12:35:11.882+05:30  WARN 14440 --- [http-nio-8080-exec-5] actStandardFragmentInsertionTagProcessor : [THYMELEAF][http-nio-8080-exec-5][users/users] Deprecated unwrapped fragment expression "fragments::page_link(${totalPages},'Last')" found in template users/users, line 151, col 10. Please use the complete syntax of fragment expressions instead ("~{fragments::page_link(${totalPages},'Last')}"). The old, unwrapped syntax for fragment expressions will be removed in future versions of Thymeleaf.
2023-08-22T12:35:11.886+05:30  WARN 14440 --- [http-nio-8080-exec-5] actStandardFragmentInsertionTagProcessor : [THYMELEAF][http-nio-8080-exec-5][users/users] Deprecated unwrapped fragment expression "fragments::footer" found in template users/users, line 180, col 8. Please use the complete syntax of fragment expressions instead ("~{fragments::footer}"). The old, unwrapped syntax for fragment expressions will be removed in future versions of Thymeleaf.
2023-08-22T12:35:13.800+05:30  WARN 14440 --- [http-nio-8080-exec-7] actStandardFragmentInsertionTagProcessor : [THYMELEAF][http-nio-8080-exec-7][users/user_form] Deprecated unwrapped fragment expression "fragments :: page_head(${pageTitle})" found in template users/user_form, line 3, col 7. Please use the complete syntax of fragment expressions instead ("~{fragments :: page_head(${pageTitle})}"). The old, unwrapped syntax for fragment expressions will be removed in future versions of Thymeleaf.
2023-08-22T12:35:13.807+05:30  WARN 14440 --- [http-nio-8080-exec-7] actStandardFragmentInsertionTagProcessor : [THYMELEAF][http-nio-8080-exec-7][users/user_form] Deprecated unwrapped fragment expression "navigation::menu" found in template users/user_form, line 7, col 8. Please use the complete syntax of fragment expressions instead ("~{navigation::menu}"). The old, unwrapped syntax for fragment expressions will be removed in future versions of Thymeleaf.
2023-08-22T12:35:13.866+05:30  WARN 14440 --- [http-nio-8080-exec-7] actStandardFragmentInsertionTagProcessor : [THYMELEAF][http-nio-8080-exec-7][users/user_form] Deprecated unwrapped fragment expression "fragments::footer" found in template users/user_form, line 107, col 9. Please use the complete syntax of fragment expressions instead ("~{fragments::footer}"). The old, unwrapped syntax for fragment expressions will be removed in future versions of Thymeleaf.
2023-08-22T12:36:38.607+05:30 ERROR 14440 --- [http-nio-8080-exec-4] com.raitha.admin.FileUploadUtil          : could not list directory: user-photos\30
2023-08-22T12:36:38.650+05:30  WARN 14440 --- [http-nio-8080-exec-4] actStandardFragmentInsertionTagProcessor : [THYMELEAF][http-nio-8080-exec-4][users/users] Deprecated unwrapped fragment expression "fragments :: page_head('Users - Raitha Admin')" found in template users/users, line 3, col 7. Please use the complete syntax of fragment expressions instead ("~{fragments :: page_head('Users - Raitha Admin')}"). The old, unwrapped syntax for fragment expressions will be removed in future versions of Thymeleaf.
2023-08-22T12:36:38.655+05:30  WARN 14440 --- [http-nio-8080-exec-4] actStandardFragmentInsertionTagProcessor : [THYMELEAF][http-nio-8080-exec-4][users/users] Deprecated unwrapped fragment expression "navigation::menu" found in template users/users, line 7, col 8. Please use the complete syntax of fragment expressions instead ("~{navigation::menu}"). The old, unwrapped syntax for fragment expressions will be removed in future versions of Thymeleaf.
2023-08-22T12:36:38.676+05:30  WARN 14440 --- [http-nio-8080-exec-4] actStandardFragmentInsertionTagProcessor : [THYMELEAF][http-nio-8080-exec-4][users/users] Deprecated unwrapped fragment expression "fragments :: column_link('id', 'User ID','tag')" found in template users/users, line 47, col 11. Please use the complete syntax of fragment expressions instead ("~{fragments :: column_link('id', 'User ID','tag')}"). The old, unwrapped syntax for fragment expressions will be removed in future versions of Thymeleaf.
2023-08-22T12:36:38.679+05:30  WARN 14440 --- [http-nio-8080-exec-4] actStandardFragmentInsertionTagProcessor : [THYMELEAF][http-nio-8080-exec-4][users/users] Deprecated unwrapped fragment expression "fragments :: column_link('email', 'E-mail','tag')" found in template users/users, line 51, col 11. Please use the complete syntax of fragment expressions instead ("~{fragments :: column_link('email', 'E-mail','tag')}"). The old, unwrapped syntax for fragment expressions will be removed in future versions of Thymeleaf.
2023-08-22T12:36:38.683+05:30  WARN 14440 --- [http-nio-8080-exec-4] actStandardFragmentInsertionTagProcessor : [THYMELEAF][http-nio-8080-exec-4][users/users] Deprecated unwrapped fragment expression "fragments :: column_link('firstName', 'First Name','none')" found in template users/users, line 53, col 11. Please use the complete syntax of fragment expressions instead ("~{fragments :: column_link('firstName', 'First Name','none')}"). The old, unwrapped syntax for fragment expressions will be removed in future versions of Thymeleaf.
2023-08-22T12:36:38.686+05:30  WARN 14440 --- [http-nio-8080-exec-4] actStandardFragmentInsertionTagProcessor : [THYMELEAF][http-nio-8080-exec-4][users/users] Deprecated unwrapped fragment expression "fragments :: column_link('lastName', 'Last Name','none')" found in template users/users, line 54, col 11. Please use the complete syntax of fragment expressions instead ("~{fragments :: column_link('lastName', 'Last Name','none')}"). The old, unwrapped syntax for fragment expressions will be removed in future versions of Thymeleaf.
2023-08-22T12:36:38.689+05:30  WARN 14440 --- [http-nio-8080-exec-4] actStandardFragmentInsertionTagProcessor : [THYMELEAF][http-nio-8080-exec-4][users/users] Deprecated unwrapped fragment expression "fragments :: column_link('enabled', 'Enabled','none')" found in template users/users, line 56, col 11. Please use the complete syntax of fragment expressions instead ("~{fragments :: column_link('enabled', 'Enabled','none')}"). The old, unwrapped syntax for fragment expressions will be removed in future versions of Thymeleaf.
2023-08-22T12:36:38.702+05:30  WARN 14440 --- [http-nio-8080-exec-4] actStandardFragmentInsertionTagProcessor : [THYMELEAF][http-nio-8080-exec-4][users/users] Deprecated unwrapped fragment expression "fragments::footer" found in template users/users, line 180, col 8. Please use the complete syntax of fragment expressions instead ("~{fragments::footer}"). The old, unwrapped syntax for fragment expressions will be removed in future versions of Thymeleaf.
2023-08-22T12:47:00.653+05:30  INFO 14440 --- [File Watcher] rtingClassPathChangeChangedEventListener : Restarting due to 1 class path change (0 additions, 0 deletions, 1 modification)
2023-08-22T12:47:00.672+05:30  INFO 14440 --- [Thread-5] o.apache.catalina.core.StandardService   : Stopping service [Tomcat]
2023-08-22T12:47:00.673+05:30  INFO 14440 --- [Thread-5] o.a.c.c.C.[.[localhost].[/RaithaAdmin]   : Destroying Spring FrameworkServlet 'dispatcherServlet'
2023-08-22T12:47:00.685+05:30  WARN 14440 --- [Thread-5] o.a.c.c.C.[.[localhost].[/RaithaAdmin]   : Cannot serialize session attribute [SPRING_SECURITY_CONTEXT] for session [9FADA5EAC00D6478B619096E633043CF]

java.io.NotSerializableException: com.raitha.common.entity.User
	at java.base/java.io.ObjectOutputStream.writeObject0(ObjectOutputStream.java:1196) ~[na:na]
	at java.base/java.io.ObjectOutputStream.defaultWriteFields(ObjectOutputStream.java:1581) ~[na:na]
	at java.base/java.io.ObjectOutputStream.writeSerialData(ObjectOutputStream.java:1538) ~[na:na]
	at java.base/java.io.ObjectOutputStream.writeOrdinaryObject(ObjectOutputStream.java:1447) ~[na:na]
	at java.base/java.io.ObjectOutputStream.writeObject0(ObjectOutputStream.java:1190) ~[na:na]
	at java.base/java.io.ObjectOutputStream.defaultWriteFields(ObjectOutputStream.java:1581) ~[na:na]
	at java.base/java.io.ObjectOutputStream.writeSerialData(ObjectOutputStream.java:1538) ~[na:na]
	at java.base/java.io.ObjectOutputStream.writeOrdinaryObject(ObjectOutputStream.java:1447) ~[na:na]
	at java.base/java.io.ObjectOutputStream.writeObject0(ObjectOutputStream.java:1190) ~[na:na]
	at java.base/java.io.ObjectOutputStream.defaultWriteFields(ObjectOutputStream.java:1581) ~[na:na]
	at java.base/java.io.ObjectOutputStream.writeSerialData(ObjectOutputStream.java:1538) ~[na:na]
	at java.base/java.io.ObjectOutputStream.writeOrdinaryObject(ObjectOutputStream.java:1447) ~[na:na]
	at java.base/java.io.ObjectOutputStream.writeObject0(ObjectOutputStream.java:1190) ~[na:na]
	at java.base/java.io.ObjectOutputStream.writeObject(ObjectOutputStream.java:355) ~[na:na]
	at org.apache.catalina.session.StandardSession.doWriteObject(StandardSession.java:1625) ~[tomcat-embed-core-10.1.8.jar:10.1.8]
	at org.apache.catalina.session.StandardSession.writeObjectData(StandardSession.java:1050) ~[tomcat-embed-core-10.1.8.jar:10.1.8]
	at org.apache.catalina.session.StandardManager.doUnload(StandardManager.java:317) ~[tomcat-embed-core-10.1.8.jar:10.1.8]
	at org.apache.catalina.session.StandardManager.unload(StandardManager.java:268) ~[tomcat-embed-core-10.1.8.jar:10.1.8]
	at org.apache.catalina.session.StandardManager.stopInternal(StandardManager.java:384) ~[tomcat-embed-core-10.1.8.jar:10.1.8]
	at org.apache.catalina.util.LifecycleBase.stop(LifecycleBase.java:257) ~[tomcat-embed-core-10.1.8.jar:10.1.8]
	at org.apache.catalina.core.StandardContext.stopInternal(StandardContext.java:5121) ~[tomcat-embed-core-10.1.8.jar:10.1.8]
	at org.apache.catalina.util.LifecycleBase.stop(LifecycleBase.java:257) ~[tomcat-embed-core-10.1.8.jar:10.1.8]
	at org.apache.catalina.core.ContainerBase$StopChild.call(ContainerBase.java:1348) ~[tomcat-embed-core-10.1.8.jar:10.1.8]
	at org.apache.catalina.core.ContainerBase$StopChild.call(ContainerBase.java:1337) ~[tomcat-embed-core-10.1.8.jar:10.1.8]
	at java.base/java.util.concurrent.FutureTask.run(FutureTask.java:317) ~[na:na]
	at org.apache.tomcat.util.threads.InlineExecutorService.execute(InlineExecutorService.java:75) ~[tomcat-embed-core-10.1.8.jar:10.1.8]
	at java.base/java.util.concurrent.AbstractExecutorService.submit(AbstractExecutorService.java:145) ~[na:na]
	at org.apache.catalina.core.ContainerBase.stopInternal(ContainerBase.java:936) ~[tomcat-embed-core-10.1.8.jar:10.1.8]
	at org.apache.catalina.util.LifecycleBase.stop(LifecycleBase.java:257) ~[tomcat-embed-core-10.1.8.jar:10.1.8]
	at org.apache.catalina.core.ContainerBase$StopChild.call(ContainerBase.java:1348) ~[tomcat-embed-core-10.1.8.jar:10.1.8]
	at org.apache.catalina.core.ContainerBase$StopChild.call(ContainerBase.java:1337) ~[tomcat-embed-core-10.1.8.jar:10.1.8]
	at java.base/java.util.concurrent.FutureTask.run(FutureTask.java:317) ~[na:na]
	at org.apache.tomcat.util.threads.InlineExecutorService.execute(InlineExecutorService.java:75) ~[tomcat-embed-core-10.1.8.jar:10.1.8]
	at java.base/java.util.concurrent.AbstractExecutorService.submit(AbstractExecutorService.java:145) ~[na:na]
	at org.apache.catalina.core.ContainerBase.stopInternal(ContainerBase.java:936) ~[tomcat-embed-core-10.1.8.jar:10.1.8]
	at org.apache.catalina.util.LifecycleBase.stop(LifecycleBase.java:257) ~[tomcat-embed-core-10.1.8.jar:10.1.8]
	at org.apache.catalina.core.StandardService.stopInternal(StandardService.java:491) ~[tomcat-embed-core-10.1.8.jar:10.1.8]
	at org.apache.catalina.util.LifecycleBase.stop(LifecycleBase.java:257) ~[tomcat-embed-core-10.1.8.jar:10.1.8]
	at org.apache.catalina.core.StandardServer.stopInternal(StandardServer.java:966) ~[tomcat-embed-core-10.1.8.jar:10.1.8]
	at org.apache.catalina.util.LifecycleBase.stop(LifecycleBase.java:257) ~[tomcat-embed-core-10.1.8.jar:10.1.8]
	at org.apache.catalina.startup.Tomcat.stop(Tomcat.java:495) ~[tomcat-embed-core-10.1.8.jar:10.1.8]
	at org.springframework.boot.web.embedded.tomcat.TomcatWebServer.stopTomcat(TomcatWebServer.java:273) ~[spring-boot-3.1.0.jar:3.1.0]
	at org.springframework.boot.web.embedded.tomcat.TomcatWebServer.stop(TomcatWebServer.java:331) ~[spring-boot-3.1.0.jar:3.1.0]
	at org.springframework.boot.web.servlet.context.WebServerStartStopLifecycle.stop(WebServerStartStopLifecycle.java:53) ~[spring-boot-3.1.0.jar:3.1.0]
	at org.springframework.context.SmartLifecycle.stop(SmartLifecycle.java:117) ~[spring-context-6.0.9.jar:6.0.9]
	at org.springframework.context.support.DefaultLifecycleProcessor.doStop(DefaultLifecycleProcessor.java:234) ~[spring-context-6.0.9.jar:6.0.9]
	at org.springframework.context.support.DefaultLifecycleProcessor$LifecycleGroup.stop(DefaultLifecycleProcessor.java:373) ~[spring-context-6.0.9.jar:6.0.9]
	at org.springframework.context.support.DefaultLifecycleProcessor.stopBeans(DefaultLifecycleProcessor.java:206) ~[spring-context-6.0.9.jar:6.0.9]
	at org.springframework.context.support.DefaultLifecycleProcessor.onClose(DefaultLifecycleProcessor.java:129) ~[spring-context-6.0.9.jar:6.0.9]
	at org.springframework.context.support.AbstractApplicationContext.doClose(AbstractApplicationContext.java:1069) ~[spring-context-6.0.9.jar:6.0.9]
	at org.springframework.boot.web.servlet.context.ServletWebServerApplicationContext.doClose(ServletWebServerApplicationContext.java:173) ~[spring-boot-3.1.0.jar:3.1.0]
	at org.springframework.context.support.AbstractApplicationContext.close(AbstractApplicationContext.java:1027) ~[spring-context-6.0.9.jar:6.0.9]
	at org.springframework.boot.devtools.restart.Restarter.stop(Restarter.java:308) ~[spring-boot-devtools-3.1.0.jar:3.1.0]
	at org.springframework.boot.devtools.restart.Restarter.lambda$restart$1(Restarter.java:250) ~[spring-boot-devtools-3.1.0.jar:3.1.0]
	at org.springframework.boot.devtools.restart.Restarter$LeakSafeThread.run(Restarter.java:614) ~[spring-boot-devtools-3.1.0.jar:3.1.0]

2023-08-22T12:47:00.699+05:30  INFO 14440 --- [Thread-5] j.LocalContainerEntityManagerFactoryBean : Closing JPA EntityManagerFactory for persistence unit 'default'
2023-08-22T12:47:00.702+05:30  INFO 14440 --- [Thread-5] com.zaxxer.hikari.HikariDataSource       : HikariPool-1 - Shutdown initiated...
2023-08-22T12:47:00.710+05:30  INFO 14440 --- [Thread-5] com.zaxxer.hikari.HikariDataSource       : HikariPool-1 - Shutdown completed.
2023-08-22T12:47:00.814+05:30  INFO 14440 --- [restartedMain] c.raitha.admin.RaithaBackEndApplication  : Starting RaithaBackEndApplication using Java 20.0.1 with PID 14440 (C:\Users\Komalesh.Be\OneDrive - Solera Holdings, Inc\Desktop\Raitha\RaithaProject\RaithaWebParent\RaithaBackEnd\target\classes started by Komalesh.Be in C:\Users\Komalesh.Be\OneDrive - Solera Holdings, Inc\Desktop\Raitha\RaithaProject\RaithaWebParent\RaithaBackEnd)
2023-08-22T12:47:00.815+05:30  INFO 14440 --- [restartedMain] c.raitha.admin.RaithaBackEndApplication  : No active profile set, falling back to 1 default profile: "default"
2023-08-22T12:47:01.008+05:30  INFO 14440 --- [restartedMain] .s.d.r.c.RepositoryConfigurationDelegate : Bootstrapping Spring Data JPA repositories in DEFAULT mode.
2023-08-22T12:47:01.023+05:30  INFO 14440 --- [restartedMain] .s.d.r.c.RepositoryConfigurationDelegate : Finished Spring Data repository scanning in 14 ms. Found 2 JPA repository interfaces.
2023-08-22T12:47:01.109+05:30  INFO 14440 --- [restartedMain] o.s.b.w.embedded.tomcat.TomcatWebServer  : Tomcat initialized with port(s): 8080 (http)
2023-08-22T12:47:01.110+05:30  INFO 14440 --- [restartedMain] o.apache.catalina.core.StandardService   : Starting service [Tomcat]
2023-08-22T12:47:01.110+05:30  INFO 14440 --- [restartedMain] o.apache.catalina.core.StandardEngine    : Starting Servlet engine: [Apache Tomcat/10.1.8]
2023-08-22T12:47:01.129+05:30  INFO 14440 --- [restartedMain] o.a.c.c.C.[.[localhost].[/RaithaAdmin]   : Initializing Spring embedded WebApplicationContext
2023-08-22T12:47:01.129+05:30  INFO 14440 --- [restartedMain] w.s.c.ServletWebServerApplicationContext : Root WebApplicationContext: initialization completed in 311 ms
2023-08-22T12:47:01.142+05:30  WARN 14440 --- [restartedMain] o.a.c.c.C.[.[localhost].[/RaithaAdmin]   : Cannot deserialize session attribute [SPRING_SECURITY_CONTEXT] for session [9FADA5EAC00D6478B619096E633043CF]
2023-08-22T12:47:01.174+05:30  INFO 14440 --- [restartedMain] o.hibernate.jpa.internal.util.LogHelper  : HHH000204: Processing PersistenceUnitInfo [name: default]
2023-08-22T12:47:01.181+05:30  INFO 14440 --- [restartedMain] o.h.b.i.BytecodeProviderInitiator        : HHH000021: Bytecode provider name : bytebuddy
2023-08-22T12:47:01.181+05:30  INFO 14440 --- [restartedMain] o.s.o.j.p.SpringPersistenceUnitInfo      : No LoadTimeWeaver setup: ignoring JPA class transformer
2023-08-22T12:47:01.182+05:30  INFO 14440 --- [restartedMain] com.zaxxer.hikari.HikariDataSource       : HikariPool-2 - Starting...
2023-08-22T12:47:01.182+05:30  WARN 14440 --- [restartedMain] c.zaxxer.hikari.util.DriverDataSource    : Registered driver with driverClassName=com.mysql.jdbc.Driver was not found, trying direct instantiation.
2023-08-22T12:47:01.194+05:30  INFO 14440 --- [restartedMain] com.zaxxer.hikari.pool.HikariPool        : HikariPool-2 - Added connection com.mysql.cj.jdbc.ConnectionImpl@29907a64
2023-08-22T12:47:01.194+05:30  INFO 14440 --- [restartedMain] com.zaxxer.hikari.HikariDataSource       : HikariPool-2 - Start completed.
2023-08-22T12:47:01.195+05:30  INFO 14440 --- [restartedMain] org.hibernate.orm.dialect                : HHH035001: Using dialect: org.hibernate.dialect.MySQL8Dialect, version: 8.0
2023-08-22T12:47:01.195+05:30  WARN 14440 --- [restartedMain] org.hibernate.orm.deprecation            : HHH90000026: MySQL8Dialect has been deprecated; use org.hibernate.dialect.MySQLDialect instead
2023-08-22T12:47:01.203+05:30  INFO 14440 --- [restartedMain] o.h.b.i.BytecodeProviderInitiator        : HHH000021: Bytecode provider name : bytebuddy
2023-08-22T12:47:01.229+05:30  INFO 14440 --- [restartedMain] o.h.e.t.j.p.i.JtaPlatformInitiator       : HHH000490: Using JtaPlatform implementation: [org.hibernate.engine.transaction.jta.platform.internal.NoJtaPlatform]
2023-08-22T12:47:01.242+05:30  INFO 14440 --- [restartedMain] j.LocalContainerEntityManagerFactoryBean : Initialized JPA EntityManagerFactory for persistence unit 'default'
2023-08-22T12:47:01.301+05:30  WARN 14440 --- [restartedMain] JpaBaseConfiguration$JpaWebConfiguration : spring.jpa.open-in-view is enabled by default. Therefore, database queries may be performed during view rendering. Explicitly configure spring.jpa.open-in-view to disable this warning
2023-08-22T12:47:01.316+05:30  INFO 14440 --- [restartedMain] o.s.b.a.w.s.WelcomePageHandlerMapping    : Adding welcome page template: index
2023-08-22T12:47:01.515+05:30  INFO 14440 --- [restartedMain] o.s.s.web.DefaultSecurityFilterChain     : Will secure any request with [org.springframework.security.web.session.DisableEncodeUrlFilter@5f33122, org.springframework.security.web.context.request.async.WebAsyncManagerIntegrationFilter@70a7a77f, org.springframework.security.web.context.SecurityContextHolderFilter@55f81186, org.springframework.security.web.header.HeaderWriterFilter@54047d80, org.springframework.security.web.csrf.CsrfFilter@245fd4cf, org.springframework.security.web.authentication.logout.LogoutFilter@352c1acc, org.springframework.security.web.authentication.UsernamePasswordAuthenticationFilter@30723c52, org.springframework.security.web.savedrequest.RequestCacheAwareFilter@f5b5e5a, org.springframework.security.web.servletapi.SecurityContextHolderAwareRequestFilter@2aeffbb, org.springframework.security.web.authentication.rememberme.RememberMeAuthenticationFilter@63ad6265, org.springframework.security.web.authentication.AnonymousAuthenticationFilter@51968595, org.springframework.security.web.access.ExceptionTranslationFilter@7bbed8c2, org.springframework.security.web.access.intercept.FilterSecurityInterceptor@91f97d4]
2023-08-22T12:47:01.557+05:30  WARN 14440 --- [restartedMain] o.s.s.c.a.web.builders.WebSecurity       : You are asking Spring Security to ignore Mvc [pattern='/images/**']. This is not recommended -- please use permitAll via HttpSecurity#authorizeHttpRequests instead.
2023-08-22T12:47:01.557+05:30  INFO 14440 --- [restartedMain] o.s.s.web.DefaultSecurityFilterChain     : Will not secure Mvc [pattern='/images/**']
2023-08-22T12:47:01.557+05:30  WARN 14440 --- [restartedMain] o.s.s.c.a.web.builders.WebSecurity       : You are asking Spring Security to ignore Mvc [pattern='/js/**']. This is not recommended -- please use permitAll via HttpSecurity#authorizeHttpRequests instead.
2023-08-22T12:47:01.557+05:30  INFO 14440 --- [restartedMain] o.s.s.web.DefaultSecurityFilterChain     : Will not secure Mvc [pattern='/js/**']
2023-08-22T12:47:01.557+05:30  WARN 14440 --- [restartedMain] o.s.s.c.a.web.builders.WebSecurity       : You are asking Spring Security to ignore Mvc [pattern='/webjars/**']. This is not recommended -- please use permitAll via HttpSecurity#authorizeHttpRequests instead.
2023-08-22T12:47:01.557+05:30  INFO 14440 --- [restartedMain] o.s.s.web.DefaultSecurityFilterChain     : Will not secure Mvc [pattern='/webjars/**']
2023-08-22T12:47:01.563+05:30  INFO 14440 --- [restartedMain] o.s.b.d.a.OptionalLiveReloadServer       : LiveReload server is running on port 35729
2023-08-22T12:47:01.575+05:30  INFO 14440 --- [restartedMain] o.s.b.w.embedded.tomcat.TomcatWebServer  : Tomcat started on port(s): 8080 (http) with context path '/RaithaAdmin'
2023-08-22T12:47:01.578+05:30  INFO 14440 --- [restartedMain] c.raitha.admin.RaithaBackEndApplication  : Started RaithaBackEndApplication in 0.805 seconds (process running for 742.946)
2023-08-22T12:47:01.581+05:30  INFO 14440 --- [restartedMain] .ConditionEvaluationDeltaLoggingListener : Condition evaluation unchanged
2023-08-22T12:47:04.030+05:30  INFO 14440 --- [File Watcher] rtingClassPathChangeChangedEventListener : Restarting due to 1 class path change (0 additions, 0 deletions, 1 modification)
2023-08-22T12:47:04.045+05:30  INFO 14440 --- [Thread-7] o.apache.catalina.core.StandardService   : Stopping service [Tomcat]
2023-08-22T12:47:04.050+05:30  INFO 14440 --- [Thread-7] j.LocalContainerEntityManagerFactoryBean : Closing JPA EntityManagerFactory for persistence unit 'default'
2023-08-22T12:47:04.051+05:30  INFO 14440 --- [Thread-7] com.zaxxer.hikari.HikariDataSource       : HikariPool-2 - Shutdown initiated...
2023-08-22T12:47:04.054+05:30  INFO 14440 --- [Thread-7] com.zaxxer.hikari.HikariDataSource       : HikariPool-2 - Shutdown completed.
